# Logfile created on Mon Dec 20 12:51:06 +0530 2010  [4;36;1mSQL (0.0ms)[0m   [0;1mSET NAMES 'utf8'[0m
  [4;35;1mSQL (0.0ms)[0m   [0mSET SQL_AUTO_IS_NULL=0[0m


Processing UsersController#class_form (for 127.0.0.1 at 2010-12-20 12:51:14) [GET]
  [4;36;1mUser Columns (51.0ms)[0m   [0;1mSHOW FIELDS FROM `users`[0m
Rendering template within layouts/application
Rendering users/class_form
Rendered users/_class_information (22.0ms)
Completed in 172ms (View: 75, DB: 51) | 200 OK [http://localhost/]
  [4;35;1mSQL (0.0ms)[0m   [0mSET NAMES 'utf8'[0m
  [4;36;1mSQL (0.0ms)[0m   [0;1mSET SQL_AUTO_IS_NULL=0[0m


Processing UsersController#create (for 127.0.0.1 at 2010-12-20 12:51:57) [POST]
  Parameters: {"user"=>{"host_institution"=>"test", "first_name"=>"testssfsfasd", "stony_brook_id"=>"tes", "last_name"=>"test"}, "class_information7"=>{"title"=>"", "stop_time"=>"", "section_number"=>"", "day"=>"", "credits"=>"", "class_number"=>"", "start_time"=>""}, "commit"=>"Submit", "authenticity_token"=>"hFuAuS5P1x8zjWDYdyDq5nNLfe7jI41o9iVyHtcpSsM=", "class_information1"=>{"title"=>"asdad", "stop_time"=>"08:00 am", "section_number"=>"1", "day"=>"Mon", "credits"=>"1", "class_number"=>"sfsf", "start_time"=>"08:00 am"}, "class_information2"=>{"title"=>"", "stop_time"=>"", "section_number"=>"", "day"=>"", "credits"=>"", "class_number"=>"", "start_time"=>""}, "class_information3"=>{"title"=>"", "stop_time"=>"", "section_number"=>"", "day"=>"", "credits"=>"", "class_number"=>"", "start_time"=>""}, "class_information4"=>{"title"=>"", "stop_time"=>"", "section_number"=>"", "day"=>"", "credits"=>"", "class_number"=>"", "start_time"=>""}, "class_information5"=>{"title"=>"", "stop_time"=>"", "section_number"=>"", "day"=>"", "credits"=>"", "class_number"=>"", "start_time"=>""}, "class_information6"=>{"title"=>"", "stop_time"=>"", "section_number"=>"", "day"=>"", "credits"=>"", "class_number"=>"", "start_time"=>""}}
  [4;35;1mUser Columns (4.0ms)[0m   [0mSHOW FIELDS FROM `users`[0m
  [4;36;1mClassInformation Columns (109.0ms)[0m   [0;1mSHOW FIELDS FROM `class_informations`[0m
  [4;35;1mSQL (181.0ms)[0m   [0mBEGIN[0m
  [4;36;1mSQL (0.0ms)[0m   [0;1mCOMMIT[0m
  [4;35;1mSQL (1.0ms)[0m   [0mBEGIN[0m
  [4;36;1mSQL (0.0ms)[0m   [0;1mCOMMIT[0m
  [4;35;1mSQL (0.0ms)[0m   [0mBEGIN[0m
  [4;36;1mSQL (0.0ms)[0m   [0;1mCOMMIT[0m
  [4;35;1mSQL (0.0ms)[0m   [0mBEGIN[0m
  [4;36;1mSQL (0.0ms)[0m   [0;1mCOMMIT[0m
  [4;35;1mSQL (0.0ms)[0m   [0mBEGIN[0m
  [4;36;1mSQL (0.0ms)[0m   [0;1mCOMMIT[0m
  [4;35;1mSQL (1.0ms)[0m   [0mBEGIN[0m
  [4;36;1mSQL (0.0ms)[0m   [0;1mCOMMIT[0m
  [4;35;1mSQL (1.0ms)[0m   [0mBEGIN[0m
  [4;36;1mSQL (0.0ms)[0m   [0;1mCOMMIT[0m
  [4;35;1mSQL (0.0ms)[0m   [0mBEGIN[0m
  [4;36;1mUser Create (62.0ms)[0m   [0;1mINSERT INTO `users` (`updated_at`, `host_institution`, `first_name`, `last_name`, `stony_brook_id`, `created_at`) VALUES('2010-12-20 07:21:58', 'test', 'testssfsfasd', 'test', 'tes', '2010-12-20 07:21:58')[0m
  [4;35;1mClassInformation Create (1.0ms)[0m   [0mINSERT INTO `class_informations` (`updated_at`, `title`, `section_number`, `stop_time`, `day`, `credits`, `user_id`, `class_number`, `start_time`, `created_at`) VALUES('2010-12-20 07:21:58', 'asdad', '1', '2000-01-01 08:00:00', 'Mon', 1, 57, 'sfsf', '2000-01-01 08:00:00', '2010-12-20 07:21:58')[0m
  [4;36;1mSQL (161.0ms)[0m   [0;1mCOMMIT[0m
Redirected to http://localhost:3000/users
Completed in 639ms (DB: 521) | 302 Found [http://localhost/users/create]
  [4;35;1mSQL (0.0ms)[0m   [0mSET NAMES 'utf8'[0m
  [4;36;1mSQL (1.0ms)[0m   [0;1mSET SQL_AUTO_IS_NULL=0[0m


Processing UsersController#index (for 127.0.0.1 at 2010-12-20 12:51:58) [GET]
  [4;35;1mUser Load (1.0ms)[0m   [0mSELECT * FROM `users` [0m
Rendering template within layouts/application
Rendering users/index
  [4;36;1mUser Columns (6.0ms)[0m   [0;1mSHOW FIELDS FROM `users`[0m
Completed in 35ms (View: 21, DB: 8) | 200 OK [http://localhost/users]
  [4;35;1mSQL (0.0ms)[0m   [0mSET NAMES 'utf8'[0m
  [4;36;1mSQL (0.0ms)[0m   [0;1mSET SQL_AUTO_IS_NULL=0[0m


Processing UsersController#class_information (for 127.0.0.1 at 2010-12-20 12:52:01) [GET]
  Parameters: {"user_id"=>"57"}
  [4;35;1mUser Columns (4.0ms)[0m   [0mSHOW FIELDS FROM `users`[0m
  [4;36;1mUser Load (47.0ms)[0m   [0;1mSELECT * FROM `users` WHERE (`users`.`id` = 57) [0m
  [4;35;1mClassInformation Load (0.0ms)[0m   [0mSELECT * FROM `class_informations` WHERE (user_id = 57) [0m
Rendering template within layouts/application
Rendering users/class_information
  [4;36;1mClassInformation Columns (5.0ms)[0m   [0;1mSHOW FIELDS FROM `class_informations`[0m
Completed in 106ms (View: 28, DB: 56) | 200 OK [http://localhost/users/class_information?user_id=57]
  [4;35;1mSQL (0.0ms)[0m   [0mSET NAMES 'utf8'[0m
  [4;36;1mSQL (0.0ms)[0m   [0;1mSET SQL_AUTO_IS_NULL=0[0m


Processing UsersController#index (for 127.0.0.1 at 2010-12-20 12:52:05) [GET]
  [4;35;1mUser Load (0.0ms)[0m   [0mSELECT * FROM `users` [0m
Rendering template within layouts/application
Rendering users/index
  [4;36;1mUser Columns (4.0ms)[0m   [0;1mSHOW FIELDS FROM `users`[0m
Completed in 34ms (View: 19, DB: 4) | 200 OK [http://localhost/users]
